Numbers that did not fit the first pair simplicity test:
51085107210182213445045771590250575181148254608929660199964018587
10050202174581883894973415792029585791456123942924490435966195919
22292817676632673950623692368465588584482777809087362366744183447
75646780479099123429088340073966758432336703811855288201631341541
86889915852937570606839485632628924838127344867165392703496200643
85055616200423008731839624691803587334371661168920742456894809399
10589731500585050367717930316898854300564376469921115248823370499
71010302449628241624882210368915368515426323808054513722265928207
77407327669373348603569883201518036440278671598789831213000601857
15609618359397162217395255477785087621468025868212592258827874009
55722411089333299977882819831082605503109026514507764514802320593
25325260402421797699363721830157129635263163709514753840030397313
11033399280893071975866627129910004963395649287632599796891263291
70793904658803384268491535090351097220070424020748373212469760739
63777523670339992747242756941854523531504703767878524428735862713
87121271753449485056441940729430701324363247385117436464041451429
42524191414937663413696876849739515803519853844667435542993766215
64425815596901245593226307217754755181061728041080390535929768153
91475288851000603411560944301260907565294498560424756808580328549
65561775338143857187861896598458071589892030788452829455620581581
14746051973788045760141637190971068554147478634478799118960784073
85904584059023507027310919945193286427332868578675329737062310493
56446507196884336746315005934117986346341569738085703277700186945
82255584754489490578269112029763696681796458534304622132803526253
32903777224038862494683693330416666738941959970971026111349405129
56846855961182659106615224931118910072358560956277709926197892009
97883211160417435998696473700035093670310298505574268765357052343
30699128045805168202820021254459367007921133969092496201026648461
61256210531432160211484156721799038818696503027654378252973110661
71567902905580714678762613816969649611293583225752500005368045835
80863503465988926782837228799280611054985120940620421875319119373
26332529403924599899977514031602392021243301946700441541068523363
54777501200338102618429263614233135413604072598751669306961721027
62857739489579864251263097162459388754234511775662636606458174301
78021138222240817720482577808386846706422833242282375678450963789
14270346253937977881099871161210255857648544334729414176342109121
17085510838056893076713595947831488810553715319696518166345926181
58790070359854015735783103807600874955453195534053758048236910327
87824836162030665481826278930870772214347697379571739641485879693
73796256661569746738851358441493237255467831967194504496436784779
71268156492987906837840030539210838705213164301974404675065304939
67179070747142050207080049929816656366866160031850692661914178549
96708673240306413491531056266649859263837253402947877922754317833
97976261269980107957590948122889523437460457161990265349632895037
12421134549974641169956679118067093987664858086492617379165826863
23174728345449736292516311095010601650040626823582108602047856721
60398840507931602738103547246953543356210994366234031483452329087
31891774140800771882389149458491401893161039830666910433010284441
70936894860819496915267225008459111323922607428038368417005809767
33017398411102944639682123806537766626172379186242510065909203953
25586540151000659769583625943940104815073976296745713396053560609
42399990875624682072507313976275685972137008392156097016208854259
97187540143171765769781531036668396739236461878385583141771634797
82442276511732574697032918906879484421791044093399415904913307651
24275662224353468294750007176241256526795666397071500102739005817
86598674039413238982216829422419739700571755882604879489027471129
38642274218789573681619076745955603432462096634189755702467706223
87102709965184471939488970857674078078610980845405402646801944457
25948822021572521560321486780042312552310629470487156723839690193
11127819951984930584434735041320220634377266841805427422823720579
98958932651466478502405666723966197805015453081886405090231987311
27308696241341513512831597077435653285568060696628917703774950623
52639066254490552888781566674632952672309523946578672482556009391
33824478722720463286262347725937058555482889690175653547785809809
14165110024517115977293780250096657598503522553179588028203850029
52969285511204667276018313832113521281740140954276643671029195589
26169745719190858620184745960126334128917411641075139420727719471
77462020065055704375418681821352484037011974389192362101682573655
15001882375546973233030189086272817172411214180242981932951478223
76267443319873075380351165107464666645619932536824435025170586313
84944422880969616448632408674765297400449207271143606458338177887
72276693695969273835205489550036564215403829758671932595488894053
63161529461757052998917660798792033583057436826852002216071379109
14543092537110118434504478643130837284072525792479820530980632483
62100337089479034224476331702901437639256194432488760933882799941
42121701383972275950994408711219173930024857089950725749081861799
78637342323403611244702434833438570711986951239468429410982584633
15301674636544870377757367894152464249299373380625988231156912787
50510894174214158790837473343755523079429824277874461712072724159
72638201038506755074550423802914680854003005576140134986082458099
88904037528347061047733101674909692563641799999291590374686242807
28113263199651010420846652425864129667288263814133157763144476069
65483691554862925271648983005528950768796779389215465018223510449
53458175145294198837658039657516312009504261529564959639259437151
80794268970764641999061641827921484834435623816925114860474860747
33478456794329014728002853188417422470328994078610336560599998029
79295337287696510146373198752282049698564922594931318154325625433
21220344775445801676319653220089309600560653749800232529305765059
84265035764992953325718601181735265997605951659229973142345523483
25608810314805896934040711452324989841743472083280097970700615347
84509246457769472737511774124730692527527877488975739639288582759
48447508249317945699267470099004348564841965245427719447518656401
45176301497380229102024667253303901827363521234566027654269538635
Numbers that did not fit the second pair simplicity test:
189281244372703250465472119050335358320458229642535700179414874387
378562488745406500930944238100670716640916459285071400358829748779
567843733118109751396416357151006074961374688927607100538244623165
757124977490813001861888476201341433281832918570142800717659497549
946406221863516252327360595251676791602291148212678500897074371933
1135687466236219502792832714302012149922749377855214201076489246317
1324968710608922753258304833352347508243207607497749901255904120703
1514249954981626003723776952402682866563665837140285601435318995091
1703531199354329254189249071453018224884124066782821301614733869479
1892812443727032504654721190503353583204582296425357001794148743867
2082093688099735755120193309553688941525040526067892701973563618249
2271374932472439005585665428604024299845498755710428402152978492633
2460656176845142256051137547654359658165956985352964102332393367019
2649937421217845506516609666704695016486415214995499802511808241407
2839218665590548756982081785755030374806873444638035502691223115791
3028499909963252007447553904805365733127331674280571202870637990177
3217781154335955257913026023855701091447789903923106903050052864569
3407062398708658508378498142906036449768248133565642603229467738949
3596343643081361758843970261956371808088706363208178303408882613339
3785624887454065009309442381006707166409164592850714003588297487723
3974906131826768259774914500057042524729622822493249703767712362107
4164187376199471510240386619107377883050081052135785403947127236493
4353468620572174760705858738157713241370539281778321104126542110887
4542749864944878011171330857208048599690997511420856804305956985269
4732031109317581261636802976258383958011455741063392504485371859651
4921312353690284512102275095308719316331913970705928204664786734039
5110593598062987762567747214359054674652372200348463904844201608423
5299874842435691013033219333409390032972830429990999605023616482809
5489156086808394263498691452459725391293288659633535305203031357197
5678437331181097513964163571510060749613746889276071005382446231581
5867718575553800764429635690560396107934205118918606705561861105973
6056999819926504014895107809610731466254663348561142405741275980359
6246281064299207265360579928661066824575121578203678105920690854739
6435562308671910515826052047711402182895579807846213806100105729129
6624843553044613766291524166761737541216038037488749506279520603513
6814124797417317016756996285812072899536496267131285206458935477897
7003406041790020267222468404862408257856954496773820906638350352283
7192687286162723517687940523912743616177412726416356606817765226671
7381968530535426768153412642963078974497870956058892306997180101059
7571249774908130018618884762013414332818329185701428007176594975441
7760531019280833269084356881063749691138787415343963707356009849829
7949812263653536519549829000114085049459245644986499407535424724213
8139093508026239770015301119164420407779703874629035107714839598599
8328374752398943020480773238214755766100162104271570807894254472993
8517655996771646270946245357265091124420620333914106508073669347377
8706937241144349521411717476315426482741078563556642208253084221757
8896218485517052771877189595365761841061536793199177908432499096149
9085499729889756022342661714416097199381995022841713608611913970529
9274780974262459272808133833466432557702453252484249308791328844919
9464062218635162523273605952516767916022911482126785008970743719303
9653343463007865773739078071567103274343369711769320709150158593687
9842624707380569024204550190617438632663827941411856409329573468079
10031905951753272274670022309667773990984286171054392109508988342461
10221187196125975525135494428718109349304744400696927809688403216849
10410468440498678775600966547768444707625202630339463509867818091231
10599749684871382026066438666818780065945660859981999210047232965619
10789030929244085276531910785869115424266119089624534910226647840003
10978312173616788526997382904919450782586577319267070610406062714389
11167593417989491777462855023969786140907035548909606310585477588777
11356874662362195027928327143020121499227493778552142010764892463161
11546155906734898278393799262070456857547952008194677710944307337547
11735437151107601528859271381120792215868410237837213411123722211939
11924718395480304779324743500171127574188868467479749111303137086319
12113999639853008029790215619221462932509326697122284811482551960715
12303280884225711280255687738271798290829784926764820511661966835099
12492562128598414530721159857322133649150243156407356211841381709483
12681843372971117781186631976372469007470701386049891912020796583863
12871124617343821031652104095422804365791159615692427612200211458251
13060405861716524282117576214473139724111617845334963312379626332639
13249687106089227532583048333523475082432076074977499012559041207021
13438968350461930783048520452573810440752534304620034712738456081409
13628249594834634033513992571624145799072992534262570412917870955793
13817530839207337283979464690674481157393450763905106113097285830185
14006812083580040534444936809724816515713908993547641813276700704567
14196093327952743784910408928775151874034367223190177513456115578951
14385374572325447035375881047825487232354825452832713213635530453337
14574655816698150285841353166875822590675283682475248913814945327735
14763937061070853536306825285926157948995741912117784613994360202109
14953218305443556786772297404976493307316200141760320314173775076499
15142499549816260037237769524026828665636658371402856014353189950883
15331780794188963287703241643077164023957116601045391714532604825267
15521062038561666538168713762127499382277574830687927414712019699653
15710343282934369788634185881177834740598033060330463114891434574041
15899624527307073039099658000228170098918491289972998815070849448429
16088905771679776289565130119278505457238949519615534515250264322811
16278187016052479540030602238328840815559407749258070215429679197205
8025193907134333787091908912667554918232788934372456367617209889703
8117437515262314635219402118560285434534315243962944371842695060849
8209681123390295483346895324453015950835841553553432376068180231997
8301924731518276331474388530345746467137367863143920380293665403141
8394168339646257179601881736238476983438894172734408384519150574287
8486411947774238027729374942131207499740420482324896388744635745439
8578655555902218875856868148023938016041946791915384392970120916579
8670899164030199723984361353916668532343473101505872397195606087729
8763142772158180572111854559809399048644999411096360401421091258873
8855386380286161420239347765702129564946525720686848405646576430023
8947629988414142268366840971594860081248052030277336409872061601163
9039873596542123116494334177487590597549578339867824414097546772311
9132117204670103964621827383380321113851104649458312418323031943459
9224360812798084812749320589273051630152630959048800422548517114601
9316604420926065660876813795165782146454157268639288426774002285749
9408848029054046509004307001058512662755683578229776430999487456893
9501091637182027357131800206951243179057209887820264435224972628045
9593335245310008205259293412843973695358736197410752439450457799187
9685578853437989053386786618736704211660262507001240443675942970331
9777822461565969901514279824629434727961788816591728447901428141477
9870066069693950749641773030522165244263315126182216452126913312629
9962309677821931597769266236414895760564841435772704456352398483769
10054553285949912445896759442307626276866367745363192460577883654925
10146796894077893294024252648200356793167894054953680464803368826063
10239040502205874142151745854093087309469420364544168469028853997207
10331284110333854990279239059985817825770946674134656473254339168353
10423527718461835838406732265878548342072472983725144477479824339507
10515771326589816686534225471771278858373999293315632481705309510649
10608014934717797534661718677664009374675525602906120485930794681791
10700258542845778382789211883556739890977051912496608490156279852939
10792502150973759230916705089449470407278578222087096494381765024089
10884745759101740079044198295342200923580104531677584498607250195229
10976989367229720927171691501234931439881630841268072502832735366377
11069232975357701775299184707127661956183157150858560507058220537521
11161476583485682623426677913020392472484683460449048511283705708667
11253720191613663471554171118913122988786209770039536515509190879819
11345963799741644319681664324805853505087736079630024519734676050959
11438207407869625167809157530698584021389262389220512523960161222109
11530451015997606015936650736591314537690788698811000528185646393253
11622694624125586864064143942484045053992315008401488532411131564397
11714938232253567712191637148376775570293841317991976536636616735543
11807181840381548560319130354269506086595367627582464540862101906691
11899425448509529408446623560162236602896893937172952545087587077839
11991669056637510256574116766054967119198420246763440549313072248981
12083912664765491104701609971947697635499946556353928553538557420129
12176156272893471952829103177840428151801472865944416557764042591273
12268399881021452800956596383733158668102999175534904561989527762419
12360643489149433649084089589625889184404525485125392566215012933573
12452887097277414497211582795518619700706051794715880570440498104711
12545130705405395345339076001411350217007578104306368574665983275857
12637374313533376193466569207304080733309104413896856578891468447009
12729617921661357041594062413196811249610630723487344583116953618155
12821861529789337889721555619089541765912157033077832587342438789299
12914105137917318737849048824982272282213683342668320591567923960443
13006348746045299585976542030875002798515209652258808595793409131587
13098592354173280434104035236767733314816735961849296600018894302733
13190835962301261282231528442660463831118262271439784604244379473881
13283079570429242130359021648553194347419788581030272608469864645035
13375323178557222978486514854445924863721314890620760612695349816177
13467566786685203826614008060338655380022841200211248616920834987319
13559810394813184674741501266231385896324367509801736621146320158463
13652054002941165522868994472124116412625893819392224625371805329609
13744297611069146370996487678016846928927420128982712629597290500757
13836541219197127219123980883909577445228946438573200633822775671901
13928784827325108067251474089802307961530472748163688638048260843047
14021028435453088915378967295695038477831999057754176642273746014199
14113272043581069763506460501587768994133525367344664646499231185339
14205515651709050611633953707480499510435051676935152650724716356489
14297759259837031459761446913373230026736577986525640654950201527639
14390002867965012307888940119265960543038104296116128659175686698777
14482246476092993156016433325158691059339630605706616663401171869923
14574490084220974004143926531051421575641156915297104667626657041071
14666733692348954852271419736944152091942683224887592671852142212219
14758977300476935700398912942836882608244209534478080676077627383361
14851220908604916548526406148729613124545735844068568680303112554509
14943464516732897396653899354622343640847262153659056684528597725653
15035708124860878244781392560515074157148788463249544688754082896799
15127951732988859092908885766407804673450314772840032692979568067947
15220195341116839941036378972300535189751841082430520697205053239091
15312438949244820789163872178193265706053367392021008701430538410243
15404682557372801637291365384085996222354893701611496705656023581389
15496926165500782485418858589978726738656420011201984709881508752529
15589169773628763333546351795871457254957946320792472714106993923679
15681413381756744181673845001764187771259472630382960718332479094823
15773656989884725029801338207656918287560998939973448722557964265967
15865900598012705877928831413549648803862525249563936726783449437113
15958144206140686726056324619442379320164051559154424731008934608261
16050387814268667574183817825335109836465577868744912735234419779409
16142631422396648422311311031227840352767104178335400739459904950551
16234875030524629270438804237120570869068630487925888743685390121705
16327118638652610118566297443013301385370156797516376747910875292843
16419362246780590966693790648906031901671683107106864752136360463989
16511605854908571814821283854798762417973209416697352756361845635137
16603849463036552662948777060691492934274735726287840760587330806287
Numbers that did not fit the first pair simplicity test:
95449689925331587313874275736449874968753109891345712942666240507
55037924760053896232324914318307290259550453943720446701759199279
87427064539805845518795378868748332025400593807730445046998316123
27107101862169465263493238224916712725225685458121423173809571769
88665041663956880864251623977615566868742196899548352018652634409
44160891751674030540956696537425745169834642224619616490178672379
66228131785501589833016986868427110745832098125448681343149771587
45200527937015299341199282392168462189723316067461179155808850867
50668532006670247551872138402126767702997517374052444778981264919
96728536416700942603012595806976454754828178288880120827065102403
15308272325797549784245587590651660237753331290639402754886834799
20420535675786630288266913910805460128564159193158964882624792445
28869385658608015203639712470974602516102110206606931309548810821
36549689408976747031277099239750919731507682372870306351859890993
12959080985501203594456902843045122029128195317531816976187276589
63641003564042974719388857525972048935361017509053189757597623479
82397198567053697649154984857924746321518333219730682462337342913
28197435954161248474331958316833107854036061399223196255816740217
62800675632901836468056083250731271107151204211920571990583486179
62766396053709417881854259418495695337848514368477607525056596343
50597866184215682742491952679355944505965641734240162355440249929
61169188445679733185885425654708474311115760066373009201263513135
44545375951648115156489742069493485324633631782303564580168519965
84705308356587461808625189717148197890553060167087427207763100101
77967050433927306182540186244990342270970216674896776939762649521
85096309053360453960440301105228739624041110646566249356063852241
47722422967886343605207353706489486893309776583025557102146515835
58958645971257900535129606052316392973187780716866117527285203143
16627064499644038459556432063746054179875477120552978977518800191
67641501253237250018657972308805188764674003999707042760940473771
31900842219418631358054090372960768442451866554662091875796835043
73503199526143483730006212238951452982836682606927638574056116653
27681020309684257356367157603045235882306213454497630129101723559
26643800043557612676990259070620344012823841123112259130596505681
81330009192826971837979416665272316850719111119846568639145740447
74014790751408316240204038036130980937218216845681244444963301625
23539165021266974727736250807082142355799678250266103788411889349
81718962161442066332532382188203529113869977230742843123881549191
41304616403364710693611315394345340588532870248933401509644629243
10630676621288432693131191522541738108847424214413377622032246999
95214082559570401054397920589395624807766917265823946304367428063
49298325731045418530502410590014570578982850811144975931435815259
31839758778478809109587914494168858197830691631546598935339344449
Numbers that did not fit the first pair simplicity test:
69839449486944573907884832727749085330366829218584573741068800447
25104611223887384269306397120787664074742658862076446067519451603
75576066123802189642240028717705757771713781067101448556755965989
75182852336325578229582847739337966909151396368285886451559282969
42799833285487600566559387147935256335420345605396166887335893431
17052118660653791978654993211259102942035009989991491777574942299
19191207553165787001922587480186953037141255576228901359426583229
87595557065356129693957016759286223302253035166110619124788231517
99238999020458047623651709813037150983986756441186022636960090381
40293389116735306689258241212091511818807343284740908352370316567
46583239802004566229158326687584773831879788118692450550649136271
46228557113083220080798798257185040783827366117013316414445679761
73656422115234482487383973761374620581532881458668519724156000569
87403014718785966866639483067803693840958915732626266230091026451
40930299872865809009622985306219178642849718456434965674883686149
18656749543496273313865709915803151831271670249098150425079030083
60088999571479402535462976730715210733782955208638493859662270349
44340094565049993998119535060503202081133433518672164779190098373
44249505592878107228445245564067447334191918710941476064164163819
12575289897319530773153760259056833335475891304924581293777624847
49333446441419104034700647844331776781982274095549646682589564711
16704130019817967050068648163585207732382862090816457790123941497
50803205772371149252584914879309198089709253873598375488529679519
90258312410996024989764722597521878642054853977994497478751158659
87892740880887000225093971228597436483001105891507686527798627469
51935499706856087371650184940730036433429003079969517102280905279
99154644926764013700541697434309843810133289501109538529550401023
55815666374614919067205835184172591095211123125495751504915111799
76897778479711338467960498445246036385358075357665617594394596359
37025332069634232856821252083433407866185178448765578971962343997
65168986891005850660395188249179885445684623471747597117414450673
75692303729996256911805067474601097861163937431399666008254457773
13970188099904164587978186107625294559384849450512401934869106989
69767750372929337239740498979652575366109856497589860724706644499
96661187145594886415512436915699278281214052101835386345935063787
83692847504305136668042688719408386535658077392133345611054056597
40873115962713729670870922142045279294835209193175140040506679147
98439919499582075715078500375824369900026191970372973064668173227
50278718744149048832905596051316286347492419209419684637882720983
70087758914419870341229368582680630504165038317097894378021826525
28115800825253631403258741844082136416319600101208484193383024311
85540287067076877248909761443325457540260454538391222591111022083
40723971013970477918932065499380071785338608421697764037249223603
17203101653765720228648491108193437464561925332438543373388159393
22042334627502693477982340767731835993334251822112216330305192007
27590938387570503334344368654624269913728263211536998866663349069
72860423962124063173123689128673499384919641970207248390245418967
53583226722897483491313086762663854548944177676098373291712122923
81126496151714056180781885639236553863568362535948456827637404411
31995604794115150370117293715982293398015182810060176841853545759
88935276984320589210165262777752807503170457108031536790798787829
79742723167839535596241015119165734672943859751838411027762703291
75789399482490520237192005033628357891773063365490038953147586299
90648065534897064672038067599103270351756064314730993924927419407
71688246710269565073739166772112146754263557664378686202945820259
50008555345218285051633475025475019358340535636642148153127889329
67472603678965015201389867524690074076089564350927089271468274547
61213797109583005602056249388164844439656202551605136340267468997
82787560824569201314238932131080543872945153714656267961577510891
72128545820366838880229393965047854226036724333764288197461948331
59541941192156879876688265725955377124518218477985820945416673789
92554818054485464324284523246770892877493488921379710423024698963
40130564883771278130125205508490426355194579211037000143729284183
17956341207004330973642690198631457456970310642045220712884694419
39050915183911008183809253454008650268146054298890622219222689267
44588195785476224577200936288320524702643409179365787164928480571
Numbers that did not fit the second pair simplicity test:
165916872138972324049066204653770234706748674166254283607692267367
331833744277944648098132409307540469413497348332508567215384534739
497750616416916972147198613961310704120246022498762850823076802099
663667488555889296196264818615080938826994696665017134430769069469
829584360694861620245331023268851173533743370831271418038461336839
995501232833833944294397227922621408240492044997525701646153604197
1161418104972806268343463432576391642947240719163779985253845871563
1327334977111778592392529637230161877653989393330034268861538138931
1493251849250750916441595841883932112360738067496288552469230406299
1659168721389723240490662046537702347067486741662542836076922673661
1825085593528695564539728251191472581774235415828797119684614941029
1991002465667667888588794455845242816480984089995051403292307208393
2156919337806640212637860660499013051187732764161305686899999475759
2322836209945612536686926865152783285894481438327559970507691743127
2488753082084584860735993069806553520601230112493814254115384010491
2654669954223557184785059274460323755307978786660068537723076277857
2820586826362529508834125479114093990014727460826322821330768545229
2986503698501501832883191683767864224721476134992577104938460812595
3152420570640474156932257888421634459428224809158831388546153079959
3318337442779446480981324093075404694134973483325085672153845347323
3484254314918418805030390297729174928841722157491339955761537614687
3650171187057391129079456502382945163548470831657594239369229882053
3816088059196363453128522707036715398255219505823848522976922149421
3982004931335335777177588911690485632961968179990102806584614416789
4147921803474308101226655116344255867668716854156357090192306684157
4313838675613280425275721320998026102375465528322611373799998951525
4479755547752252749324787525651796337082214202488865657407691218883
4645672419891225073373853730305566571788962876655119941015383486249
4811589292030197397422919934959336806495711550821374224623075753617
4977506164169169721471986139613107041202460224987628508230768020981
5143423036308142045521052344266877275909208899153882791838460288347
5309339908447114369570118548920647510615957573320137075446152555719
5475256780586086693619184753574417745322706247486391359053844823079
5641173652725059017668250958228187980029454921652645642661537090455
5807090524864031341717317162881958214736203595818899926269229357813
6796002487781468824245246269415463840578971200460069872928086313257
6984780334664287402696503110232560058372831511583960702731644266409
7173558181547105981147759951049656276166691822707851532535202219549
7362336028429924559599016791866752493960552133831742362338760172699
7551113875312743138050273632683848711754412444955633192142318125849
7739891722195561716501530473500944929548272756079524021945876078987
7928669569078380294952787314318041147342133067203414851749434032133
8117447415961198873404044155135137365135993378327305681552991985281
8306225262844017451855300995952233582929853689451196511356549938429
8495003109726836030306557836769329800723714000575087341160107891571
8683780956609654608757814677586426018517574311698978170963665844719
8872558803492473187209071518403522236311434622822869000767223797863
9061336650375291765660328359220618454105294933946759830570781751009
